<?xml version="1.0" encoding="UTF-8"?>
<!-- Generated by org.testng.reporters.JUnitReportReporter -->
<testsuite hostname="DESKTOP-IAD6A47" failures="0" tests="2" name="com.tcs.testcases.Basepage_TestCaseID_001" time="61.494" errors="0" timestamp="2022-01-26T11:53:01 IST" skipped="0">
  <testcase classname="com.tcs.testcases.Basepage_TestCaseID_001" name="basenavigation" time="27.465"/>
  <system-out/>
  <testcase classname="com.tcs.testcases.Basepage_TestCaseID_001" name="basenavigation" time="34.029"/>
  <system-out/>
</testsuite> <!-- com.tcs.testcases.Basepage_TestCaseID_001 -->
