<?xml version="1.0" encoding="UTF-8"?>
<!-- Generated by org.testng.reporters.JUnitReportReporter -->
<testsuite hostname="DESKTOP-IAD6A47" failures="0" tests="2" name="com.tcs.testcases.Basepage_TestCaseID_001" time="63.708" errors="0" timestamp="2022-01-26T15:35:47 IST" skipped="0">
  <testcase classname="com.tcs.testcases.Basepage_TestCaseID_001" name="basenavigation" time="33.360"/>
  <system-out/>
  <testcase classname="com.tcs.testcases.Basepage_TestCaseID_001" name="basenavigation" time="30.348"/>
  <system-out/>
</testsuite> <!-- com.tcs.testcases.Basepage_TestCaseID_001 -->
