<?xml version="1.0" encoding="UTF-8"?>
<!-- Generated by org.testng.reporters.JUnitReportReporter -->
<testsuite hostname="DESKTOP-IAD6A47" failures="0" tests="1" name="com.tcs.testcases.ValidateTile" time="1.434" errors="0" timestamp="2022-01-26T15:35:47 IST" skipped="0">
  <testcase classname="com.tcs.testcases.ValidateTile" name="validateTiltle" time="1.434"/>
  <system-out/>
</testsuite> <!-- com.tcs.testcases.ValidateTile -->
