<?xml version="1.0" encoding="UTF-8"?>
<!-- Generated by org.testng.reporters.JUnitReportReporter -->
<testsuite hostname="DESKTOP-IAD6A47" failures="0" tests="1" name="com.tcs.testcases.ValidateTile" time="0.131" errors="0" timestamp="2022-01-25T20:50:42 IST" skipped="0">
  <testcase classname="com.tcs.testcases.ValidateTile" name="validateTiltle" time="0.131"/>
  <system-out/>
</testsuite> <!-- com.tcs.testcases.ValidateTile -->
